<?xml version="1.0" encoding="UTF-8"?>
<testsuite xmlns:xsi="http://www.w3.org/2001/XMLSchema-instance" xsi:noNamespaceSchemaLocation="https://maven.apache.org/surefire/maven-surefire-plugin/xsd/surefire-test-report.xsd" name="com.cn.cloud.ofo.ofoapi.OfoApiApplicationTests" time="1.981" tests="1" errors="0" skipped="0" failures="0">
  <properties>
    <property name="sun.desktop" value="windows"/>
    <property name="awt.toolkit" value="sun.awt.windows.WToolkit"/>
    <property name="file.encoding.pkg" value="sun.io"/>
    <property name="java.specification.version" value="1.8"/>
    <property name="sun.cpu.isalist" value="pentium_pro+mmx pentium_pro pentium+mmx pentium i486 i386 i86"/>
    <property name="sun.jnu.encoding" value="GBK"/>
    <property name="java.class.path" value="E:\IdeaWorkSpase\CloudOfo\ofo-entity\target\test-classes;E:\IdeaWorkSpase\CloudOfo\ofo-entity\target\classes;E:\MavenFiles\org\springframework\cloud\spring-cloud-starter-netflix-eureka-client\2.2.2.RELEASE\spring-cloud-starter-netflix-eureka-client-2.2.2.RELEASE.jar;E:\MavenFiles\org\springframework\cloud\spring-cloud-starter\2.2.2.RELEASE\spring-cloud-starter-2.2.2.RELEASE.jar;E:\MavenFiles\org\springframework\cloud\spring-cloud-context\2.2.2.RELEASE\spring-cloud-context-2.2.2.RELEASE.jar;E:\MavenFiles\org\springframework\security\spring-security-crypto\5.2.2.RELEASE\spring-security-crypto-5.2.2.RELEASE.jar;E:\MavenFiles\org\springframework\cloud\spring-cloud-commons\2.2.2.RELEASE\spring-cloud-commons-2.2.2.RELEASE.jar;E:\MavenFiles\org\springframework\security\spring-security-rsa\1.0.9.RELEASE\spring-security-rsa-1.0.9.RELEASE.jar;E:\MavenFiles\org\bouncycastle\bcpkix-jdk15on\1.64\bcpkix-jdk15on-1.64.jar;E:\MavenFiles\org\bouncycastle\bcprov-jdk15on\1.64\bcprov-jdk15on-1.64.jar;E:\MavenFiles\org\springframework\cloud\spring-cloud-netflix-hystrix\2.2.2.RELEASE\spring-cloud-netflix-hystrix-2.2.2.RELEASE.jar;E:\MavenFiles\org\springframework\boot\spring-boot-starter-aop\2.2.6.RELEASE\spring-boot-starter-aop-2.2.6.RELEASE.jar;E:\MavenFiles\org\springframework\spring-aop\5.2.5.RELEASE\spring-aop-5.2.5.RELEASE.jar;E:\MavenFiles\org\aspectj\aspectjweaver\1.9.5\aspectjweaver-1.9.5.jar;E:\MavenFiles\org\springframework\cloud\spring-cloud-netflix-eureka-client\2.2.2.RELEASE\spring-cloud-netflix-eureka-client-2.2.2.RELEASE.jar;E:\MavenFiles\com\netflix\eureka\eureka-client\1.9.17\eureka-client-1.9.17.jar;E:\MavenFiles\org\codehaus\jettison\jettison\1.3.7\jettison-1.3.7.jar;E:\MavenFiles\stax\stax-api\1.0.1\stax-api-1.0.1.jar;E:\MavenFiles\com\netflix\netflix-commons\netflix-eventbus\0.3.0\netflix-eventbus-0.3.0.jar;E:\MavenFiles\com\netflix\netflix-commons\netflix-infix\0.3.0\netflix-infix-0.3.0.jar;E:\MavenFiles\commons-jxpath\commons-jxpath\1.3\commons-jxpath-1.3.jar;E:\MavenFiles\joda-time\joda-time\2.10.5\joda-time-2.10.5.jar;E:\MavenFiles\org\antlr\antlr-runtime\3.4\antlr-runtime-3.4.jar;E:\MavenFiles\org\antlr\stringtemplate\3.2.1\stringtemplate-3.2.1.jar;E:\MavenFiles\antlr\antlr\2.7.7\antlr-2.7.7.jar;E:\MavenFiles\com\google\code\gson\gson\2.8.6\gson-2.8.6.jar;E:\MavenFiles\org\apache\commons\commons-math\2.2\commons-math-2.2.jar;E:\MavenFiles\com\netflix\archaius\archaius-core\0.7.6\archaius-core-0.7.6.jar;E:\MavenFiles\com\google\guava\guava\28.2-android\guava-28.2-android.jar;E:\MavenFiles\com\google\guava\failureaccess\1.0.1\failureaccess-1.0.1.jar;E:\MavenFiles\com\google\guava\listenablefuture\9999.0-empty-to-avoid-conflict-with-guava\listenablefuture-9999.0-empty-to-avoid-conflict-with-guava.jar;E:\MavenFiles\org\checkerframework\checker-compat-qual\2.5.5\checker-compat-qual-2.5.5.jar;E:\MavenFiles\com\google\errorprone\error_prone_annotations\2.3.4\error_prone_annotations-2.3.4.jar;E:\MavenFiles\com\google\j2objc\j2objc-annotations\1.3\j2objc-annotations-1.3.jar;E:\MavenFiles\javax\ws\rs\jsr311-api\1.1.1\jsr311-api-1.1.1.jar;E:\MavenFiles\com\netflix\servo\servo-core\0.12.21\servo-core-0.12.21.jar;E:\MavenFiles\com\sun\jersey\jersey-core\1.19.1\jersey-core-1.19.1.jar;E:\MavenFiles\com\sun\jersey\jersey-client\1.19.1\jersey-client-1.19.1.jar;E:\MavenFiles\com\sun\jersey\contribs\jersey-apache-client4\1.19.1\jersey-apache-client4-1.19.1.jar;E:\MavenFiles\org\apache\httpcomponents\httpclient\4.5.12\httpclient-4.5.12.jar;E:\MavenFiles\org\apache\httpcomponents\httpcore\4.4.13\httpcore-4.4.13.jar;E:\MavenFiles\commons-codec\commons-codec\1.13\commons-codec-1.13.jar;E:\MavenFiles\com\google\inject\guice\4.1.0\guice-4.1.0.jar;E:\MavenFiles\javax\inject\javax.inject\1\javax.inject-1.jar;E:\MavenFiles\aopalliance\aopalliance\1.0\aopalliance-1.0.jar;E:\MavenFiles\com\fasterxml\jackson\core\jackson-annotations\2.10.3\jackson-annotations-2.10.3.jar;E:\MavenFiles\com\fasterxml\jackson\core\jackson-core\2.10.3\jackson-core-2.10.3.jar;E:\MavenFiles\com\fasterxml\jackson\core\jackson-databind\2.10.3\jackson-databind-2.10.3.jar;E:\MavenFiles\com\netflix\eureka\eureka-core\1.9.17\eureka-core-1.9.17.jar;E:\MavenFiles\com\fasterxml\woodstox\woodstox-core\5.2.1\woodstox-core-5.2.1.jar;E:\MavenFiles\org\codehaus\woodstox\stax2-api\4.2\stax2-api-4.2.jar;E:\MavenFiles\org\springframework\cloud\spring-cloud-starter-netflix-archaius\2.2.2.RELEASE\spring-cloud-starter-netflix-archaius-2.2.2.RELEASE.jar;E:\MavenFiles\org\springframework\cloud\spring-cloud-netflix-ribbon\2.2.2.RELEASE\spring-cloud-netflix-ribbon-2.2.2.RELEASE.jar;E:\MavenFiles\org\springframework\cloud\spring-cloud-netflix-archaius\2.2.2.RELEASE\spring-cloud-netflix-archaius-2.2.2.RELEASE.jar;E:\MavenFiles\commons-configuration\commons-configuration\1.8\commons-configuration-1.8.jar;E:\MavenFiles\commons-lang\commons-lang\2.6\commons-lang-2.6.jar;E:\MavenFiles\org\springframework\cloud\spring-cloud-starter-netflix-ribbon\2.2.2.RELEASE\spring-cloud-starter-netflix-ribbon-2.2.2.RELEASE.jar;E:\MavenFiles\com\netflix\ribbon\ribbon\2.3.0\ribbon-2.3.0.jar;E:\MavenFiles\com\netflix\ribbon\ribbon-transport\2.3.0\ribbon-transport-2.3.0.jar;E:\MavenFiles\io\reactivex\rxnetty-contexts\0.4.9\rxnetty-contexts-0.4.9.jar;E:\MavenFiles\io\reactivex\rxnetty-servo\0.4.9\rxnetty-servo-0.4.9.jar;E:\MavenFiles\com\netflix\hystrix\hystrix-core\1.5.18\hystrix-core-1.5.18.jar;E:\MavenFiles\org\hdrhistogram\HdrHistogram\2.1.9\HdrHistogram-2.1.9.jar;E:\MavenFiles\io\reactivex\rxnetty\0.4.9\rxnetty-0.4.9.jar;E:\MavenFiles\com\netflix\ribbon\ribbon-core\2.3.0\ribbon-core-2.3.0.jar;E:\MavenFiles\com\netflix\ribbon\ribbon-httpclient\2.3.0\ribbon-httpclient-2.3.0.jar;E:\MavenFiles\commons-collections\commons-collections\3.2.2\commons-collections-3.2.2.jar;E:\MavenFiles\com\netflix\netflix-commons\netflix-commons-util\0.3.0\netflix-commons-util-0.3.0.jar;E:\MavenFiles\com\netflix\ribbon\ribbon-loadbalancer\2.3.0\ribbon-loadbalancer-2.3.0.jar;E:\MavenFiles\com\netflix\netflix-commons\netflix-statistics\0.1.1\netflix-statistics-0.1.1.jar;E:\MavenFiles\io\reactivex\rxjava\1.3.8\rxjava-1.3.8.jar;E:\MavenFiles\org\springframework\cloud\spring-cloud-starter-loadbalancer\2.2.2.RELEASE\spring-cloud-starter-loadbalancer-2.2.2.RELEASE.jar;E:\MavenFiles\org\springframework\cloud\spring-cloud-loadbalancer\2.2.2.RELEASE\spring-cloud-loadbalancer-2.2.2.RELEASE.jar;E:\MavenFiles\io\projectreactor\reactor-core\3.3.4.RELEASE\reactor-core-3.3.4.RELEASE.jar;E:\MavenFiles\org\reactivestreams\reactive-streams\1.0.3\reactive-streams-1.0.3.jar;E:\MavenFiles\io\projectreactor\addons\reactor-extra\3.3.3.RELEASE\reactor-extra-3.3.3.RELEASE.jar;E:\MavenFiles\org\springframework\boot\spring-boot-starter-cache\2.2.6.RELEASE\spring-boot-starter-cache-2.2.6.RELEASE.jar;E:\MavenFiles\org\springframework\spring-context-support\5.2.5.RELEASE\spring-context-support-5.2.5.RELEASE.jar;E:\MavenFiles\com\stoyanr\evictor\1.0.0\evictor-1.0.0.jar;E:\MavenFiles\com\netflix\ribbon\ribbon-eureka\2.3.0\ribbon-eureka-2.3.0.jar;E:\MavenFiles\org\slf4j\slf4j-api\1.7.30\slf4j-api-1.7.30.jar;E:\MavenFiles\com\thoughtworks\xstream\xstream\1.4.11.1\xstream-1.4.11.1.jar;E:\MavenFiles\xmlpull\xmlpull\1.1.3.1\xmlpull-1.1.3.1.jar;E:\MavenFiles\xpp3\xpp3_min\1.1.4c\xpp3_min-1.1.4c.jar;E:\MavenFiles\org\projectlombok\lombok\1.18.10\lombok-1.18.10.jar;E:\MavenFiles\org\springframework\boot\spring-boot-starter\2.2.6.RELEASE\spring-boot-starter-2.2.6.RELEASE.jar;E:\MavenFiles\org\springframework\boot\spring-boot\2.2.6.RELEASE\spring-boot-2.2.6.RELEASE.jar;E:\MavenFiles\org\springframework\spring-context\5.2.5.RELEASE\spring-context-5.2.5.RELEASE.jar;E:\MavenFiles\org\springframework\spring-beans\5.2.5.RELEASE\spring-beans-5.2.5.RELEASE.jar;E:\MavenFiles\org\springframework\spring-expression\5.2.5.RELEASE\spring-expression-5.2.5.RELEASE.jar;E:\MavenFiles\org\springframework\boot\spring-boot-autoconfigure\2.2.6.RELEASE\spring-boot-autoconfigure-2.2.6.RELEASE.jar;E:\MavenFiles\org\springframework\boot\spring-boot-starter-logging\2.2.6.RELEASE\spring-boot-starter-logging-2.2.6.RELEASE.jar;E:\MavenFiles\ch\qos\logback\logback-classic\1.2.3\logback-classic-1.2.3.jar;E:\MavenFiles\org\apache\logging\log4j\log4j-to-slf4j\2.12.1\log4j-to-slf4j-2.12.1.jar;E:\MavenFiles\org\apache\logging\log4j\log4j-api\2.12.1\log4j-api-2.12.1.jar;E:\MavenFiles\org\slf4j\jul-to-slf4j\1.7.30\jul-to-slf4j-1.7.30.jar;E:\MavenFiles\jakarta\annotation\jakarta.annotation-api\1.3.5\jakarta.annotation-api-1.3.5.jar;E:\MavenFiles\org\springframework\spring-core\5.2.5.RELEASE\spring-core-5.2.5.RELEASE.jar;E:\MavenFiles\org\springframework\spring-jcl\5.2.5.RELEASE\spring-jcl-5.2.5.RELEASE.jar;E:\MavenFiles\org\yaml\snakeyaml\1.25\snakeyaml-1.25.jar;E:\MavenFiles\mysql\mysql-connector-java\5.1.42\mysql-connector-java-5.1.42.jar;E:\MavenFiles\com\alibaba\druid\1.1.0\druid-1.1.0.jar;C:\Program Files\Java\jdk1.8.0_201\jre\..\lib\jconsole.jar;C:\Program Files\Java\jdk1.8.0_201\jre\..\lib\tools.jar;E:\MavenFiles\org\mybatis\spring\boot\mybatis-spring-boot-starter\1.3.2\mybatis-spring-boot-starter-1.3.2.jar;E:\MavenFiles\org\springframework\boot\spring-boot-starter-jdbc\2.2.6.RELEASE\spring-boot-starter-jdbc-2.2.6.RELEASE.jar;E:\MavenFiles\com\zaxxer\HikariCP\3.4.2\HikariCP-3.4.2.jar;E:\MavenFiles\org\springframework\spring-jdbc\5.2.5.RELEASE\spring-jdbc-5.2.5.RELEASE.jar;E:\MavenFiles\org\springframework\spring-tx\5.2.5.RELEASE\spring-tx-5.2.5.RELEASE.jar;E:\MavenFiles\org\mybatis\spring\boot\mybatis-spring-boot-autoconfigure\1.3.2\mybatis-spring-boot-autoconfigure-1.3.2.jar;E:\MavenFiles\org\mybatis\mybatis\3.4.6\mybatis-3.4.6.jar;E:\MavenFiles\org\mybatis\mybatis-spring\1.3.2\mybatis-spring-1.3.2.jar;E:\MavenFiles\ch\qos\logback\logback-core\1.2.3\logback-core-1.2.3.jar;E:\MavenFiles\log4j\log4j\1.2.17\log4j-1.2.17.jar;E:\MavenFiles\junit\junit\4.12\junit-4.12.jar;E:\MavenFiles\org\hamcrest\hamcrest-core\2.1\hamcrest-core-2.1.jar;E:\MavenFiles\org\springframework\boot\spring-boot-starter-test\2.2.6.RELEASE\spring-boot-starter-test-2.2.6.RELEASE.jar;E:\MavenFiles\org\springframework\boot\spring-boot-test\2.2.6.RELEASE\spring-boot-test-2.2.6.RELEASE.jar;E:\MavenFiles\org\springframework\boot\spring-boot-test-autoconfigure\2.2.6.RELEASE\spring-boot-test-autoconfigure-2.2.6.RELEASE.jar;E:\MavenFiles\com\jayway\jsonpath\json-path\2.4.0\json-path-2.4.0.jar;E:\MavenFiles\net\minidev\json-smart\2.3\json-smart-2.3.jar;E:\MavenFiles\net\minidev\accessors-smart\1.2\accessors-smart-1.2.jar;E:\MavenFiles\org\ow2\asm\asm\5.0.4\asm-5.0.4.jar;E:\MavenFiles\jakarta\xml\bind\jakarta.xml.bind-api\2.3.3\jakarta.xml.bind-api-2.3.3.jar;E:\MavenFiles\jakarta\activation\jakarta.activation-api\1.2.2\jakarta.activation-api-1.2.2.jar;E:\MavenFiles\org\junit\jupiter\junit-jupiter\5.5.2\junit-jupiter-5.5.2.jar;E:\MavenFiles\org\junit\jupiter\junit-jupiter-api\5.5.2\junit-jupiter-api-5.5.2.jar;E:\MavenFiles\org\apiguardian\apiguardian-api\1.1.0\apiguardian-api-1.1.0.jar;E:\MavenFiles\org\opentest4j\opentest4j\1.2.0\opentest4j-1.2.0.jar;E:\MavenFiles\org\junit\platform\junit-platform-commons\1.5.2\junit-platform-commons-1.5.2.jar;E:\MavenFiles\org\junit\jupiter\junit-jupiter-params\5.5.2\junit-jupiter-params-5.5.2.jar;E:\MavenFiles\org\junit\jupiter\junit-jupiter-engine\5.5.2\junit-jupiter-engine-5.5.2.jar;E:\MavenFiles\org\junit\platform\junit-platform-engine\1.5.2\junit-platform-engine-1.5.2.jar;E:\MavenFiles\org\mockito\mockito-junit-jupiter\3.1.0\mockito-junit-jupiter-3.1.0.jar;E:\MavenFiles\org\assertj\assertj-core\3.13.2\assertj-core-3.13.2.jar;E:\MavenFiles\org\hamcrest\hamcrest\2.1\hamcrest-2.1.jar;E:\MavenFiles\org\mockito\mockito-core\3.1.0\mockito-core-3.1.0.jar;E:\MavenFiles\net\bytebuddy\byte-buddy\1.10.8\byte-buddy-1.10.8.jar;E:\MavenFiles\net\bytebuddy\byte-buddy-agent\1.10.8\byte-buddy-agent-1.10.8.jar;E:\MavenFiles\org\objenesis\objenesis\2.6\objenesis-2.6.jar;E:\MavenFiles\org\skyscreamer\jsonassert\1.5.0\jsonassert-1.5.0.jar;E:\MavenFiles\com\vaadin\external\google\android-json\0.0.20131108.vaadin1\android-json-0.0.20131108.vaadin1.jar;E:\MavenFiles\org\springframework\spring-test\5.2.5.RELEASE\spring-test-5.2.5.RELEASE.jar;E:\MavenFiles\org\xmlunit\xmlunit-core\2.6.4\xmlunit-core-2.6.4.jar;"/>
    <property name="java.vm.vendor" value="Oracle Corporation"/>
    <property name="sun.arch.data.model" value="32"/>
    <property name="user.variant" value=""/>
    <property name="java.vendor.url" value="http://java.oracle.com/"/>
    <property name="user.timezone" value="Asia/Shanghai"/>
    <property name="java.vm.specification.version" value="1.8"/>
    <property name="os.name" value="Windows 7"/>
    <property name="user.country" value="CN"/>
    <property name="sun.java.launcher" value="SUN_STANDARD"/>
    <property name="sun.boot.library.path" value="C:\Program Files\Java\jdk1.8.0_201\jre\bin"/>
    <property name="sun.java.command" value="C:\Users\LQ\AppData\Local\Temp\surefire7534046705382427051\surefirebooter5428583260898036288.jar C:\Users\LQ\AppData\Local\Temp\surefire7534046705382427051 2020-06-06T11-54-52_665-jvmRun1 surefire6860787560848447354tmp surefire_1612439660268604824tmp"/>
    <property name="surefire.test.class.path" value="E:\IdeaWorkSpase\CloudOfo\ofo-entity\target\test-classes;E:\IdeaWorkSpase\CloudOfo\ofo-entity\target\classes;E:\MavenFiles\org\springframework\cloud\spring-cloud-starter-netflix-eureka-client\2.2.2.RELEASE\spring-cloud-starter-netflix-eureka-client-2.2.2.RELEASE.jar;E:\MavenFiles\org\springframework\cloud\spring-cloud-starter\2.2.2.RELEASE\spring-cloud-starter-2.2.2.RELEASE.jar;E:\MavenFiles\org\springframework\cloud\spring-cloud-context\2.2.2.RELEASE\spring-cloud-context-2.2.2.RELEASE.jar;E:\MavenFiles\org\springframework\security\spring-security-crypto\5.2.2.RELEASE\spring-security-crypto-5.2.2.RELEASE.jar;E:\MavenFiles\org\springframework\cloud\spring-cloud-commons\2.2.2.RELEASE\spring-cloud-commons-2.2.2.RELEASE.jar;E:\MavenFiles\org\springframework\security\spring-security-rsa\1.0.9.RELEASE\spring-security-rsa-1.0.9.RELEASE.jar;E:\MavenFiles\org\bouncycastle\bcpkix-jdk15on\1.64\bcpkix-jdk15on-1.64.jar;E:\MavenFiles\org\bouncycastle\bcprov-jdk15on\1.64\bcprov-jdk15on-1.64.jar;E:\MavenFiles\org\springframework\cloud\spring-cloud-netflix-hystrix\2.2.2.RELEASE\spring-cloud-netflix-hystrix-2.2.2.RELEASE.jar;E:\MavenFiles\org\springframework\boot\spring-boot-starter-aop\2.2.6.RELEASE\spring-boot-starter-aop-2.2.6.RELEASE.jar;E:\MavenFiles\org\springframework\spring-aop\5.2.5.RELEASE\spring-aop-5.2.5.RELEASE.jar;E:\MavenFiles\org\aspectj\aspectjweaver\1.9.5\aspectjweaver-1.9.5.jar;E:\MavenFiles\org\springframework\cloud\spring-cloud-netflix-eureka-client\2.2.2.RELEASE\spring-cloud-netflix-eureka-client-2.2.2.RELEASE.jar;E:\MavenFiles\com\netflix\eureka\eureka-client\1.9.17\eureka-client-1.9.17.jar;E:\MavenFiles\org\codehaus\jettison\jettison\1.3.7\jettison-1.3.7.jar;E:\MavenFiles\stax\stax-api\1.0.1\stax-api-1.0.1.jar;E:\MavenFiles\com\netflix\netflix-commons\netflix-eventbus\0.3.0\netflix-eventbus-0.3.0.jar;E:\MavenFiles\com\netflix\netflix-commons\netflix-infix\0.3.0\netflix-infix-0.3.0.jar;E:\MavenFiles\commons-jxpath\commons-jxpath\1.3\commons-jxpath-1.3.jar;E:\MavenFiles\joda-time\joda-time\2.10.5\joda-time-2.10.5.jar;E:\MavenFiles\org\antlr\antlr-runtime\3.4\antlr-runtime-3.4.jar;E:\MavenFiles\org\antlr\stringtemplate\3.2.1\stringtemplate-3.2.1.jar;E:\MavenFiles\antlr\antlr\2.7.7\antlr-2.7.7.jar;E:\MavenFiles\com\google\code\gson\gson\2.8.6\gson-2.8.6.jar;E:\MavenFiles\org\apache\commons\commons-math\2.2\commons-math-2.2.jar;E:\MavenFiles\com\netflix\archaius\archaius-core\0.7.6\archaius-core-0.7.6.jar;E:\MavenFiles\com\google\guava\guava\28.2-android\guava-28.2-android.jar;E:\MavenFiles\com\google\guava\failureaccess\1.0.1\failureaccess-1.0.1.jar;E:\MavenFiles\com\google\guava\listenablefuture\9999.0-empty-to-avoid-conflict-with-guava\listenablefuture-9999.0-empty-to-avoid-conflict-with-guava.jar;E:\MavenFiles\org\checkerframework\checker-compat-qual\2.5.5\checker-compat-qual-2.5.5.jar;E:\MavenFiles\com\google\errorprone\error_prone_annotations\2.3.4\error_prone_annotations-2.3.4.jar;E:\MavenFiles\com\google\j2objc\j2objc-annotations\1.3\j2objc-annotations-1.3.jar;E:\MavenFiles\javax\ws\rs\jsr311-api\1.1.1\jsr311-api-1.1.1.jar;E:\MavenFiles\com\netflix\servo\servo-core\0.12.21\servo-core-0.12.21.jar;E:\MavenFiles\com\sun\jersey\jersey-core\1.19.1\jersey-core-1.19.1.jar;E:\MavenFiles\com\sun\jersey\jersey-client\1.19.1\jersey-client-1.19.1.jar;E:\MavenFiles\com\sun\jersey\contribs\jersey-apache-client4\1.19.1\jersey-apache-client4-1.19.1.jar;E:\MavenFiles\org\apache\httpcomponents\httpclient\4.5.12\httpclient-4.5.12.jar;E:\MavenFiles\org\apache\httpcomponents\httpcore\4.4.13\httpcore-4.4.13.jar;E:\MavenFiles\commons-codec\commons-codec\1.13\commons-codec-1.13.jar;E:\MavenFiles\com\google\inject\guice\4.1.0\guice-4.1.0.jar;E:\MavenFiles\javax\inject\javax.inject\1\javax.inject-1.jar;E:\MavenFiles\aopalliance\aopalliance\1.0\aopalliance-1.0.jar;E:\MavenFiles\com\fasterxml\jackson\core\jackson-annotations\2.10.3\jackson-annotations-2.10.3.jar;E:\MavenFiles\com\fasterxml\jackson\core\jackson-core\2.10.3\jackson-core-2.10.3.jar;E:\MavenFiles\com\fasterxml\jackson\core\jackson-databind\2.10.3\jackson-databind-2.10.3.jar;E:\MavenFiles\com\netflix\eureka\eureka-core\1.9.17\eureka-core-1.9.17.jar;E:\MavenFiles\com\fasterxml\woodstox\woodstox-core\5.2.1\woodstox-core-5.2.1.jar;E:\MavenFiles\org\codehaus\woodstox\stax2-api\4.2\stax2-api-4.2.jar;E:\MavenFiles\org\springframework\cloud\spring-cloud-starter-netflix-archaius\2.2.2.RELEASE\spring-cloud-starter-netflix-archaius-2.2.2.RELEASE.jar;E:\MavenFiles\org\springframework\cloud\spring-cloud-netflix-ribbon\2.2.2.RELEASE\spring-cloud-netflix-ribbon-2.2.2.RELEASE.jar;E:\MavenFiles\org\springframework\cloud\spring-cloud-netflix-archaius\2.2.2.RELEASE\spring-cloud-netflix-archaius-2.2.2.RELEASE.jar;E:\MavenFiles\commons-configuration\commons-configuration\1.8\commons-configuration-1.8.jar;E:\MavenFiles\commons-lang\commons-lang\2.6\commons-lang-2.6.jar;E:\MavenFiles\org\springframework\cloud\spring-cloud-starter-netflix-ribbon\2.2.2.RELEASE\spring-cloud-starter-netflix-ribbon-2.2.2.RELEASE.jar;E:\MavenFiles\com\netflix\ribbon\ribbon\2.3.0\ribbon-2.3.0.jar;E:\MavenFiles\com\netflix\ribbon\ribbon-transport\2.3.0\ribbon-transport-2.3.0.jar;E:\MavenFiles\io\reactivex\rxnetty-contexts\0.4.9\rxnetty-contexts-0.4.9.jar;E:\MavenFiles\io\reactivex\rxnetty-servo\0.4.9\rxnetty-servo-0.4.9.jar;E:\MavenFiles\com\netflix\hystrix\hystrix-core\1.5.18\hystrix-core-1.5.18.jar;E:\MavenFiles\org\hdrhistogram\HdrHistogram\2.1.9\HdrHistogram-2.1.9.jar;E:\MavenFiles\io\reactivex\rxnetty\0.4.9\rxnetty-0.4.9.jar;E:\MavenFiles\com\netflix\ribbon\ribbon-core\2.3.0\ribbon-core-2.3.0.jar;E:\MavenFiles\com\netflix\ribbon\ribbon-httpclient\2.3.0\ribbon-httpclient-2.3.0.jar;E:\MavenFiles\commons-collections\commons-collections\3.2.2\commons-collections-3.2.2.jar;E:\MavenFiles\com\netflix\netflix-commons\netflix-commons-util\0.3.0\netflix-commons-util-0.3.0.jar;E:\MavenFiles\com\netflix\ribbon\ribbon-loadbalancer\2.3.0\ribbon-loadbalancer-2.3.0.jar;E:\MavenFiles\com\netflix\netflix-commons\netflix-statistics\0.1.1\netflix-statistics-0.1.1.jar;E:\MavenFiles\io\reactivex\rxjava\1.3.8\rxjava-1.3.8.jar;E:\MavenFiles\org\springframework\cloud\spring-cloud-starter-loadbalancer\2.2.2.RELEASE\spring-cloud-starter-loadbalancer-2.2.2.RELEASE.jar;E:\MavenFiles\org\springframework\cloud\spring-cloud-loadbalancer\2.2.2.RELEASE\spring-cloud-loadbalancer-2.2.2.RELEASE.jar;E:\MavenFiles\io\projectreactor\reactor-core\3.3.4.RELEASE\reactor-core-3.3.4.RELEASE.jar;E:\MavenFiles\org\reactivestreams\reactive-streams\1.0.3\reactive-streams-1.0.3.jar;E:\MavenFiles\io\projectreactor\addons\reactor-extra\3.3.3.RELEASE\reactor-extra-3.3.3.RELEASE.jar;E:\MavenFiles\org\springframework\boot\spring-boot-starter-cache\2.2.6.RELEASE\spring-boot-starter-cache-2.2.6.RELEASE.jar;E:\MavenFiles\org\springframework\spring-context-support\5.2.5.RELEASE\spring-context-support-5.2.5.RELEASE.jar;E:\MavenFiles\com\stoyanr\evictor\1.0.0\evictor-1.0.0.jar;E:\MavenFiles\com\netflix\ribbon\ribbon-eureka\2.3.0\ribbon-eureka-2.3.0.jar;E:\MavenFiles\org\slf4j\slf4j-api\1.7.30\slf4j-api-1.7.30.jar;E:\MavenFiles\com\thoughtworks\xstream\xstream\1.4.11.1\xstream-1.4.11.1.jar;E:\MavenFiles\xmlpull\xmlpull\1.1.3.1\xmlpull-1.1.3.1.jar;E:\MavenFiles\xpp3\xpp3_min\1.1.4c\xpp3_min-1.1.4c.jar;E:\MavenFiles\org\projectlombok\lombok\1.18.10\lombok-1.18.10.jar;E:\MavenFiles\org\springframework\boot\spring-boot-starter\2.2.6.RELEASE\spring-boot-starter-2.2.6.RELEASE.jar;E:\MavenFiles\org\springframework\boot\spring-boot\2.2.6.RELEASE\spring-boot-2.2.6.RELEASE.jar;E:\MavenFiles\org\springframework\spring-context\5.2.5.RELEASE\spring-context-5.2.5.RELEASE.jar;E:\MavenFiles\org\springframework\spring-beans\5.2.5.RELEASE\spring-beans-5.2.5.RELEASE.jar;E:\MavenFiles\org\springframework\spring-expression\5.2.5.RELEASE\spring-expression-5.2.5.RELEASE.jar;E:\MavenFiles\org\springframework\boot\spring-boot-autoconfigure\2.2.6.RELEASE\spring-boot-autoconfigure-2.2.6.RELEASE.jar;E:\MavenFiles\org\springframework\boot\spring-boot-starter-logging\2.2.6.RELEASE\spring-boot-starter-logging-2.2.6.RELEASE.jar;E:\MavenFiles\ch\qos\logback\logback-classic\1.2.3\logback-classic-1.2.3.jar;E:\MavenFiles\org\apache\logging\log4j\log4j-to-slf4j\2.12.1\log4j-to-slf4j-2.12.1.jar;E:\MavenFiles\org\apache\logging\log4j\log4j-api\2.12.1\log4j-api-2.12.1.jar;E:\MavenFiles\org\slf4j\jul-to-slf4j\1.7.30\jul-to-slf4j-1.7.30.jar;E:\MavenFiles\jakarta\annotation\jakarta.annotation-api\1.3.5\jakarta.annotation-api-1.3.5.jar;E:\MavenFiles\org\springframework\spring-core\5.2.5.RELEASE\spring-core-5.2.5.RELEASE.jar;E:\MavenFiles\org\springframework\spring-jcl\5.2.5.RELEASE\spring-jcl-5.2.5.RELEASE.jar;E:\MavenFiles\org\yaml\snakeyaml\1.25\snakeyaml-1.25.jar;E:\MavenFiles\mysql\mysql-connector-java\5.1.42\mysql-connector-java-5.1.42.jar;E:\MavenFiles\com\alibaba\druid\1.1.0\druid-1.1.0.jar;C:\Program Files\Java\jdk1.8.0_201\jre\..\lib\jconsole.jar;C:\Program Files\Java\jdk1.8.0_201\jre\..\lib\tools.jar;E:\MavenFiles\org\mybatis\spring\boot\mybatis-spring-boot-starter\1.3.2\mybatis-spring-boot-starter-1.3.2.jar;E:\MavenFiles\org\springframework\boot\spring-boot-starter-jdbc\2.2.6.RELEASE\spring-boot-starter-jdbc-2.2.6.RELEASE.jar;E:\MavenFiles\com\zaxxer\HikariCP\3.4.2\HikariCP-3.4.2.jar;E:\MavenFiles\org\springframework\spring-jdbc\5.2.5.RELEASE\spring-jdbc-5.2.5.RELEASE.jar;E:\MavenFiles\org\springframework\spring-tx\5.2.5.RELEASE\spring-tx-5.2.5.RELEASE.jar;E:\MavenFiles\org\mybatis\spring\boot\mybatis-spring-boot-autoconfigure\1.3.2\mybatis-spring-boot-autoconfigure-1.3.2.jar;E:\MavenFiles\org\mybatis\mybatis\3.4.6\mybatis-3.4.6.jar;E:\MavenFiles\org\mybatis\mybatis-spring\1.3.2\mybatis-spring-1.3.2.jar;E:\MavenFiles\ch\qos\logback\logback-core\1.2.3\logback-core-1.2.3.jar;E:\MavenFiles\log4j\log4j\1.2.17\log4j-1.2.17.jar;E:\MavenFiles\junit\junit\4.12\junit-4.12.jar;E:\MavenFiles\org\hamcrest\hamcrest-core\2.1\hamcrest-core-2.1.jar;E:\MavenFiles\org\springframework\boot\spring-boot-starter-test\2.2.6.RELEASE\spring-boot-starter-test-2.2.6.RELEASE.jar;E:\MavenFiles\org\springframework\boot\spring-boot-test\2.2.6.RELEASE\spring-boot-test-2.2.6.RELEASE.jar;E:\MavenFiles\org\springframework\boot\spring-boot-test-autoconfigure\2.2.6.RELEASE\spring-boot-test-autoconfigure-2.2.6.RELEASE.jar;E:\MavenFiles\com\jayway\jsonpath\json-path\2.4.0\json-path-2.4.0.jar;E:\MavenFiles\net\minidev\json-smart\2.3\json-smart-2.3.jar;E:\MavenFiles\net\minidev\accessors-smart\1.2\accessors-smart-1.2.jar;E:\MavenFiles\org\ow2\asm\asm\5.0.4\asm-5.0.4.jar;E:\MavenFiles\jakarta\xml\bind\jakarta.xml.bind-api\2.3.3\jakarta.xml.bind-api-2.3.3.jar;E:\MavenFiles\jakarta\activation\jakarta.activation-api\1.2.2\jakarta.activation-api-1.2.2.jar;E:\MavenFiles\org\junit\jupiter\junit-jupiter\5.5.2\junit-jupiter-5.5.2.jar;E:\MavenFiles\org\junit\jupiter\junit-jupiter-api\5.5.2\junit-jupiter-api-5.5.2.jar;E:\MavenFiles\org\apiguardian\apiguardian-api\1.1.0\apiguardian-api-1.1.0.jar;E:\MavenFiles\org\opentest4j\opentest4j\1.2.0\opentest4j-1.2.0.jar;E:\MavenFiles\org\junit\platform\junit-platform-commons\1.5.2\junit-platform-commons-1.5.2.jar;E:\MavenFiles\org\junit\jupiter\junit-jupiter-params\5.5.2\junit-jupiter-params-5.5.2.jar;E:\MavenFiles\org\junit\jupiter\junit-jupiter-engine\5.5.2\junit-jupiter-engine-5.5.2.jar;E:\MavenFiles\org\junit\platform\junit-platform-engine\1.5.2\junit-platform-engine-1.5.2.jar;E:\MavenFiles\org\mockito\mockito-junit-jupiter\3.1.0\mockito-junit-jupiter-3.1.0.jar;E:\MavenFiles\org\assertj\assertj-core\3.13.2\assertj-core-3.13.2.jar;E:\MavenFiles\org\hamcrest\hamcrest\2.1\hamcrest-2.1.jar;E:\MavenFiles\org\mockito\mockito-core\3.1.0\mockito-core-3.1.0.jar;E:\MavenFiles\net\bytebuddy\byte-buddy\1.10.8\byte-buddy-1.10.8.jar;E:\MavenFiles\net\bytebuddy\byte-buddy-agent\1.10.8\byte-buddy-agent-1.10.8.jar;E:\MavenFiles\org\objenesis\objenesis\2.6\objenesis-2.6.jar;E:\MavenFiles\org\skyscreamer\jsonassert\1.5.0\jsonassert-1.5.0.jar;E:\MavenFiles\com\vaadin\external\google\android-json\0.0.20131108.vaadin1\android-json-0.0.20131108.vaadin1.jar;E:\MavenFiles\org\springframework\spring-test\5.2.5.RELEASE\spring-test-5.2.5.RELEASE.jar;E:\MavenFiles\org\xmlunit\xmlunit-core\2.6.4\xmlunit-core-2.6.4.jar;"/>
    <property name="sun.cpu.endian" value="little"/>
    <property name="user.home" value="C:\Users\LQ"/>
    <property name="user.language" value="zh"/>
    <property name="java.specification.vendor" value="Oracle Corporation"/>
    <property name="java.home" value="C:\Program Files\Java\jdk1.8.0_201\jre"/>
    <property name="basedir" value="E:\IdeaWorkSpase\CloudOfo\ofo-entity"/>
    <property name="file.separator" value="\"/>
    <property name="line.separator" value="&#10;"/>
    <property name="java.vm.specification.vendor" value="Oracle Corporation"/>
    <property name="java.specification.name" value="Java Platform API Specification"/>
    <property name="java.awt.graphicsenv" value="sun.awt.Win32GraphicsEnvironment"/>
    <property name="surefire.real.class.path" value="C:\Users\LQ\AppData\Local\Temp\surefire7534046705382427051\surefirebooter5428583260898036288.jar"/>
    <property name="sun.boot.class.path" value="C:\Program Files\Java\jdk1.8.0_201\jre\lib\resources.jar;C:\Program Files\Java\jdk1.8.0_201\jre\lib\rt.jar;C:\Program Files\Java\jdk1.8.0_201\jre\lib\sunrsasign.jar;C:\Program Files\Java\jdk1.8.0_201\jre\lib\jsse.jar;C:\Program Files\Java\jdk1.8.0_201\jre\lib\jce.jar;C:\Program Files\Java\jdk1.8.0_201\jre\lib\charsets.jar;C:\Program Files\Java\jdk1.8.0_201\jre\lib\jfr.jar;C:\Program Files\Java\jdk1.8.0_201\jre\classes"/>
    <property name="user.script" value=""/>
    <property name="sun.management.compiler" value="HotSpot Client Compiler"/>
    <property name="java.runtime.version" value="1.8.0_201-b09"/>
    <property name="user.name" value="LQ"/>
    <property name="path.separator" value=";"/>
    <property name="os.version" value="6.1"/>
    <property name="java.endorsed.dirs" value="C:\Program Files\Java\jdk1.8.0_201\jre\lib\endorsed"/>
    <property name="java.runtime.name" value="Java(TM) SE Runtime Environment"/>
    <property name="file.encoding" value="GBK"/>
    <property name="java.vm.name" value="Java HotSpot(TM) Client VM"/>
    <property name="localRepository" value="E:\MavenFiles"/>
    <property name="java.vendor.url.bug" value="http://bugreport.sun.com/bugreport/"/>
    <property name="java.io.tmpdir" value="C:\Users\LQ\AppData\Local\Temp\"/>
    <property name="java.version" value="1.8.0_201"/>
    <property name="user.dir" value="E:\IdeaWorkSpase\CloudOfo\ofo-entity"/>
    <property name="os.arch" value="x86"/>
    <property name="java.vm.specification.name" value="Java Virtual Machine Specification"/>
    <property name="java.awt.printerjob" value="sun.awt.windows.WPrinterJob"/>
    <property name="sun.os.patch.level" value="Service Pack 1"/>
    <property name="java.library.path" value="C:\Program Files\Java\jdk1.8.0_201\jre\bin;C:\Windows\Sun\Java\bin;C:\Windows\system32;C:\Windows;%SystemRoot%\system32\WindowsPowerShell\v1.0\;C:\Program Files\Common Files\Oracle\Java\javapath;E:\app\LQ\product\11.2.0\dbhome_1\bin;C:\Windows\system32;C:\Windows;C:\Windows\System32\Wbem;C:\Windows\System32\WindowsPowerShell\v1.0\;E:\Program Files\Microsoft SQL Server\100\Tools\Binn\;E:\Program Files\Microsoft SQL Server\100\DTS\Binn\;E:\Program Files\Microsoft SQL Server\100\Tools\Binn\VSShell\Common7\IDE\;C:\Program Files\Microsoft Visual Studio 9.0\Common7\IDE\PrivateAssemblies\;C:\Program Files\MySQL\MySQL Server 5.7\bin;C:\Program Files\TortoiseSVN\bin;E:\Maven\apache-maven-3.5.0\bin;C:\Program Files\MySQL\MySQL Server 5.7\bin;C:\Program Files\erl10.0.1\bin;C:\Program Files\RabbitMQ Server\rabbitmq_server-3.7.7\sbin;C:\Program Files\Java\jdk1.8.0_201\bin;C:\Program Files\Java\jre1.8.0_201;;C:\Program Files\OpenSSH\bin;E:\Program Files\nodejs\;C:\Program Files\Google\Chrome\Application;C:\ProgramData\Oracle\Java\javapath;E:\app\LQ\product\11.2.0\dbhome_1\bin;C:\Windows\system32;C:\Windows;C:\Windows\System32\Wbem;C:\Windows\System32\WindowsPowerShell\v1.0\C:\Program Files\Java\jdk1.8.0_31&amp;#8;in;C:\Program Files\Java\jdk1.8.0_31jre&amp;#8;in;E:\Program Files\Microsoft SQL Server\100\Tools\Binn\;E:\Program Files\Microsoft SQL Server\100\DTS\Binn\;E:\Program Files\Microsoft SQL Server\100\Tools\Binn\VSShell\Common7\IDE\;C:\Program Files\Microsoft Visual Studio 9.0\Common7\IDE\PrivateAssemblies\;C:\Program Files\Java\jdk1.8.0_31\bin;C:\Program Files\Java\jdk1.8.0_31\jre\bin;C:\Program Files\MySQL\MySQL Server 5.7\bin;C:\Program Files\TortoiseSVN\bin;E:\Maven\apache-maven-3.5.0\bin;C:\Program Files\MySQL\MySQL Server 5.7\bin;E:\Users\LQ\AppData\Local\Programs\Microsoft VS Code\bin;E:\Program Files\JetBrains\IntelliJ IDEA 2018.3.5\bin;;C:\Users\LQ\AppData\Roaming\npm;."/>
    <property name="java.vm.info" value="mixed mode"/>
    <property name="java.vendor" value="Oracle Corporation"/>
    <property name="java.vm.version" value="25.201-b09"/>
    <property name="java.ext.dirs" value="C:\Program Files\Java\jdk1.8.0_201\jre\lib\ext;C:\Windows\Sun\Java\lib\ext"/>
    <property name="sun.io.unicode.encoding" value="UnicodeLittle"/>
    <property name="java.class.version" value="52.0"/>
  </properties>
  <testcase name="contextLoads" classname="com.cn.cloud.ofo.ofoapi.OfoApiApplicationTests" time="0.187"/>
</testsuite>